D:\Visual Studio\2019\MSBuild\Microsoft\VC\v160\Microsoft.CppBuild.targets(513,5): warning MSB8028: Le répertoire intermédiaire (x64\Debug\) contient des fichiers partagés provenant d'un autre projet (Cours04.vcxproj). Cela peut entraîner un comportement de nettoyage et de regénération incorrect.
  Cours05.cpp
  The contents of <optional> are available only with C++17 or later.
D:\GitHub\Cours2eme\gae_gp2_HF\SFML_Cours04\Cours06_SFML\Cours04\Cours05.cpp(43,67): warning C4244: 'argument' : conversion de 'T' en 'T', perte possible de données
          with
          [
              T=unsigned int
          ]
          and
          [
              T=float
          ]
D:\GitHub\Cours2eme\gae_gp2_HF\SFML_Cours04\Cours06_SFML\Cours04\Cours05.cpp(43,47): warning C4244: 'argument' : conversion de 'T' en 'T', perte possible de données
          with
          [
              T=unsigned int
          ]
          and
          [
              T=float
          ]
D:\GitHub\Cours2eme\gae_gp2_HF\SFML_Cours04\Cours06_SFML\Cours04\Cours05.cpp(44,76): warning C4244: 'argument' : conversion de 'T' en 'T', perte possible de données
          with
          [
              T=unsigned int
          ]
          and
          [
              T=float
          ]
D:\GitHub\Cours2eme\gae_gp2_HF\SFML_Cours04\Cours06_SFML\Cours04\Cours05.cpp(44,52): warning C4244: 'argument' : conversion de 'T' en 'T', perte possible de données
          with
          [
              T=unsigned int
          ]
          and
          [
              T=float
          ]
  Entity.cpp
  FileWatcher.cpp
  The contents of <optional> are available only with C++17 or later.
D:\GitHub\Cours2eme\gae_gp2_HF\SFML_Cours04\Cours06_SFML\Cours04\FileWatcher.cpp(58,66): warning C4244: 'argument' : conversion de 'int64_t' en 'float', perte possible de données
D:\GitHub\Cours2eme\gae_gp2_HF\SFML_Cours04\Cours06_SFML\Cours04\FileWatcher.cpp(58,62): warning C4244: 'argument' : conversion de 'int64_t' en 'const float', perte possible de données
D:\GitHub\Cours2eme\gae_gp2_HF\SFML_Cours04\Cours06_SFML\Cours04\FileWatcher.cpp(60,63): warning C4244: 'argument' : conversion de 'int64_t' en 'float', perte possible de données
D:\GitHub\Cours2eme\gae_gp2_HF\SFML_Cours04\Cours06_SFML\Cours04\FileWatcher.cpp(60,59): warning C4244: 'argument' : conversion de 'int64_t' en 'const float', perte possible de données
D:\GitHub\Cours2eme\gae_gp2_HF\SFML_Cours04\Cours06_SFML\Cours04\FileWatcher.cpp(62,64): warning C4244: 'argument' : conversion de 'int64_t' en 'float', perte possible de données
D:\GitHub\Cours2eme\gae_gp2_HF\SFML_Cours04\Cours06_SFML\Cours04\FileWatcher.cpp(62,60): warning C4244: 'argument' : conversion de 'int64_t' en 'const float', perte possible de données
D:\GitHub\Cours2eme\gae_gp2_HF\SFML_Cours04\Cours06_SFML\Cours04\FileWatcher.cpp(64,66): warning C4244: 'argument' : conversion de 'int64_t' en 'float', perte possible de données
D:\GitHub\Cours2eme\gae_gp2_HF\SFML_Cours04\Cours06_SFML\Cours04\FileWatcher.cpp(64,62): warning C4244: 'argument' : conversion de 'int64_t' en 'const float', perte possible de données
  Hitbox.cpp
  CommandList.cpp
  imgui-SFML.cpp
  imgui.cpp
  imgui_draw.cpp
  imgui_tables.cpp
  imgui_widgets.cpp
  Shape.cpp
D:\GitHub\Cours2eme\gae_gp2_HF\SFML_Cours04\Cours06_SFML\Cours04\Shape.cpp(6,23): warning C4244: 'argument' : conversion de 'const int' en 'float', perte possible de données
D:\GitHub\Cours2eme\gae_gp2_HF\SFML_Cours04\Cours06_SFML\Cours04\Shape.cpp(14,23): warning C4244: 'argument' : conversion de 'const int' en 'float', perte possible de données
  Turtle.cpp
D:\GitHub\Cours2eme\gae_gp2_HF\SFML_Cours04\Cours06_SFML\Cours04\Turtle.cpp(134,41): warning C4305: '-=' : troncation de 'double' à 'float'
D:\GitHub\Cours2eme\gae_gp2_HF\SFML_Cours04\Cours06_SFML\Cours04\Turtle.cpp(140,43): warning C4305: '+=' : troncation de 'double' à 'float'
  Utility.cpp
D:\GitHub\Cours2eme\gae_gp2_HF\SFML_Cours04\Cours06_SFML\Cours04\Utility.cpp(83,13): warning C4244: 'return' : conversion de 'double' en 'float', perte possible de données
D:\GitHub\Cours2eme\gae_gp2_HF\SFML_Cours04\Cours06_SFML\Cours04\Utility.cpp(116,13): warning C4244: 'return' : conversion de 'double' en 'float', perte possible de données
  Génération de code en cours...
D:\GitHub\Cours2eme\gae_gp2_HF\SFML_Cours04\Cours06_SFML\Cours04\Entity.cpp(32): warning C4715: 'Entity::getPosition' : les chemins de contrôle ne retournent pas tous une valeur
  LINK : D:\GitHub\Cours2eme\gae_gp2_HF\SFML_Cours04\Cours06_SFML\x64\Debug\Cours05.exe introuvable ou non généré par la dernière édition de liens incrémentielle ; édition de liens complète en cours
  Cours04.vcxproj -> D:\GitHub\Cours2eme\gae_gp2_HF\SFML_Cours04\Cours06_SFML\x64\Debug\Cours05.exe
