d:\github\cours2eme\gae_gp2_hf\sfml_cours04\metroiddeouf\cours04\x64\debug\metroiddeouf.pch
d:\github\cours2eme\gae_gp2_hf\sfml_cours04\metroiddeouf\cours04\x64\debug\vc142.pdb
d:\github\cours2eme\gae_gp2_hf\sfml_cours04\metroiddeouf\cours04\x64\debug\vc142.idb
d:\github\cours2eme\gae_gp2_hf\sfml_cours04\metroiddeouf\cours04\x64\debug\stdafx.obj
d:\github\cours2eme\gae_gp2_hf\sfml_cours04\metroiddeouf\cours04\x64\debug\world.obj
d:\github\cours2eme\gae_gp2_hf\sfml_cours04\metroiddeouf\cours04\x64\debug\utility.obj
d:\github\cours2eme\gae_gp2_hf\sfml_cours04\metroiddeouf\cours04\x64\debug\shape.obj
d:\github\cours2eme\gae_gp2_hf\sfml_cours04\metroiddeouf\cours04\x64\debug\player.obj
d:\github\cours2eme\gae_gp2_hf\sfml_cours04\metroiddeouf\cours04\x64\debug\imgui_widgets.obj
d:\github\cours2eme\gae_gp2_hf\sfml_cours04\metroiddeouf\cours04\x64\debug\imgui_tables.obj
d:\github\cours2eme\gae_gp2_hf\sfml_cours04\metroiddeouf\cours04\x64\debug\imgui_draw.obj
d:\github\cours2eme\gae_gp2_hf\sfml_cours04\metroiddeouf\cours04\x64\debug\imgui.obj
d:\github\cours2eme\gae_gp2_hf\sfml_cours04\metroiddeouf\cours04\x64\debug\imgui-sfml.obj
d:\github\cours2eme\gae_gp2_hf\sfml_cours04\metroiddeouf\cours04\x64\debug\hitbox.obj
d:\github\cours2eme\gae_gp2_hf\sfml_cours04\metroiddeouf\cours04\x64\debug\filewatcher.obj
d:\github\cours2eme\gae_gp2_hf\sfml_cours04\metroiddeouf\cours04\x64\debug\entity.obj
d:\github\cours2eme\gae_gp2_hf\sfml_cours04\metroiddeouf\cours04\x64\debug\metroiddeouf.obj
d:\github\cours2eme\gae_gp2_hf\sfml_cours04\metroiddeouf\cours04\x64\debug\game.obj
d:\github\cours2eme\gae_gp2_hf\sfml_cours04\metroiddeouf\cours04\x64\debug\deathzone.obj
d:\github\cours2eme\gae_gp2_hf\sfml_cours04\metroiddeouf\cours04\x64\debug\character.obj
d:\github\cours2eme\gae_gp2_hf\sfml_cours04\metroiddeouf\cours04\x64\debug\audiomanager.obj
d:\github\cours2eme\gae_gp2_hf\sfml_cours04\metroiddeouf\x64\debug\metroiddeouf.exe
d:\github\cours2eme\gae_gp2_hf\sfml_cours04\metroiddeouf\cours04\x64\debug\metroiddeouf.ilk
d:\github\cours2eme\gae_gp2_hf\sfml_cours04\metroiddeouf\x64\debug\metroiddeouf.pdb
d:\github\cours2eme\gae_gp2_hf\sfml_cours04\metroiddeouf\cours04\x64\debug\brick.obj
d:\github\cours2eme\gae_gp2_hf\sfml_cours04\metroiddeouf\cours04\x64\debug\bullet.obj
d:\github\cours2eme\gae_gp2_hf\sfml_cours04\metroiddeouf\cours04\x64\debug\commandlist.obj
d:\github\cours2eme\gae_gp2_hf\sfml_cours04\metroiddeouf\cours04\x64\debug\cours04.obj
d:\github\cours2eme\gae_gp2_hf\sfml_cours04\metroiddeouf\cours04\x64\debug\cours05.obj
d:\github\cours2eme\gae_gp2_hf\sfml_cours04\metroiddeouf\cours04\x64\debug\linkedlist.obj
d:\github\cours2eme\gae_gp2_hf\sfml_cours04\metroiddeouf\cours04\x64\debug\list.obj
d:\github\cours2eme\gae_gp2_hf\sfml_cours04\metroiddeouf\cours04\x64\debug\projectile.obj
d:\github\cours2eme\gae_gp2_hf\sfml_cours04\metroiddeouf\cours04\x64\debug\turtle.obj
d:\github\cours2eme\gae_gp2_hf\sfml_cours04\metroiddeouf\cours04\x64\debug\weapon.obj
d:\github\cours2eme\gae_gp2_hf\sfml_cours04\metroiddeouf\cours04\x64\debug\game.obj.enc
d:\github\cours2eme\gae_gp2_hf\sfml_cours04\metroiddeouf\cours04\x64\debug\turtle.obj.enc
d:\github\cours2eme\gae_gp2_hf\sfml_cours04\metroiddeouf\cours04\x64\debug\cours05.ilk
d:\github\cours2eme\gae_gp2_hf\sfml_cours04\metroiddeouf\x64\debug\metroiddeouf.ilk
d:\github\cours2eme\gae_gp2_hf\sfml_cours04\metroiddeouf\cours04\x64\debug\metroiddeouf.tlog\cl.command.1.tlog
d:\github\cours2eme\gae_gp2_hf\sfml_cours04\metroiddeouf\cours04\x64\debug\metroiddeouf.tlog\cl.read.1.tlog
d:\github\cours2eme\gae_gp2_hf\sfml_cours04\metroiddeouf\cours04\x64\debug\metroiddeouf.tlog\cl.write.1.tlog
d:\github\cours2eme\gae_gp2_hf\sfml_cours04\metroiddeouf\cours04\x64\debug\metroiddeouf.tlog\link.command.1.tlog
d:\github\cours2eme\gae_gp2_hf\sfml_cours04\metroiddeouf\cours04\x64\debug\metroiddeouf.tlog\link.delete.1.tlog
d:\github\cours2eme\gae_gp2_hf\sfml_cours04\metroiddeouf\cours04\x64\debug\metroiddeouf.tlog\link.read.1.tlog
d:\github\cours2eme\gae_gp2_hf\sfml_cours04\metroiddeouf\cours04\x64\debug\metroiddeouf.tlog\link.write.1.tlog
