  Cours04.cpp
D:\GitHub\Cours2eme\gae_gp2_HF\SFML_Cours04\Cours04_SFML\Cours04\Shape.hpp(7,23): warning C4244: 'argument' : conversion de 'int' en 'float', perte possible de données
D:\GitHub\Cours2eme\gae_gp2_HF\SFML_Cours04\Cours04_SFML\Cours04\Utility.hpp(84,13): warning C4244: 'return' : conversion de 'double' en 'float', perte possible de données
D:\GitHub\Cours2eme\gae_gp2_HF\SFML_Cours04\Cours04_SFML\Cours04\Cours04.cpp(65,64): warning C4244: 'argument' : conversion de 'T' en 'T', perte possible de données
          with
          [
              T=unsigned int
          ]
          and
          [
              T=float
          ]
D:\GitHub\Cours2eme\gae_gp2_HF\SFML_Cours04\Cours04_SFML\Cours04\Cours04.cpp(65,44): warning C4244: 'argument' : conversion de 'T' en 'T', perte possible de données
          with
          [
              T=unsigned int
          ]
          and
          [
              T=float
          ]
D:\GitHub\Cours2eme\gae_gp2_HF\SFML_Cours04\Cours04_SFML\Cours04\Cours04.cpp(67,73): warning C4244: 'argument' : conversion de 'T' en 'T', perte possible de données
          with
          [
              T=unsigned int
          ]
          and
          [
              T=float
          ]
D:\GitHub\Cours2eme\gae_gp2_HF\SFML_Cours04\Cours04_SFML\Cours04\Cours04.cpp(67,49): warning C4244: 'argument' : conversion de 'T' en 'T', perte possible de données
          with
          [
              T=unsigned int
          ]
          and
          [
              T=float
          ]
D:\GitHub\Cours2eme\gae_gp2_HF\SFML_Cours04\Cours04_SFML\Cours04\Cours04.cpp(117,50): warning C4390: ';' : une instruction contrôlée a été trouvée vide ; est-ce ce que vous souhaitiez ?
D:\GitHub\Cours2eme\gae_gp2_HF\SFML_Cours04\Cours04_SFML\Cours04\Cours04.cpp(261,15): warning C4244: 'initialisation' : conversion de 'double' en 'float', perte possible de données
D:\GitHub\Cours2eme\gae_gp2_HF\SFML_Cours04\Cours04_SFML\Cours04\Cours04.cpp(328,18): warning C4244: 'initialisation' : conversion de 'double' en 'float', perte possible de données
  Génération de code en cours
  Previous IPDB was built with incompatible compiler, fall back to full compilation.
  All 245 functions were compiled because no usable IPDB/IOBJ from previous compilation was found.
  Fin de la génération du code
  Cours04.vcxproj -> D:\GitHub\Cours2eme\gae_gp2_HF\SFML_Cours04\Cours04_SFML\x64\Release\Cours04.exe
