C:\Program Files (x86)\Microsoft Visual Studio\2019\Community\MSBuild\Microsoft\VC\v160\Microsoft.CppBuild.targets(513,5): warning MSB8028: Le répertoire intermédiaire (x64\Release\) contient des fichiers partagés provenant d'un autre projet (Cours04.vcxproj). Cela peut entraîner un comportement de nettoyage et de regénération incorrect.
  Cours05.cpp
D:\Programmes(DATA)\Windows\Documents\HussonF\gae_gp2\SFML_Cours04\Cours05_SFML\Cours04\Shape.hpp(7,23): warning C4244: 'argument' : conversion de 'int' en 'float', perte possible de données
D:\Programmes(DATA)\Windows\Documents\HussonF\gae_gp2\SFML_Cours04\Cours05_SFML\Cours04\Utility.hpp(84,13): warning C4244: 'return' : conversion de 'double' en 'float', perte possible de données
D:\Programmes(DATA)\Windows\Documents\HussonF\gae_gp2\SFML_Cours04\Cours05_SFML\Cours04\Cours05.cpp(62,64): warning C4244: 'argument' : conversion de 'T' en 'T', perte possible de données
          with
          [
              T=unsigned int
          ]
          and
          [
              T=float
          ]
D:\Programmes(DATA)\Windows\Documents\HussonF\gae_gp2\SFML_Cours04\Cours05_SFML\Cours04\Cours05.cpp(62,44): warning C4244: 'argument' : conversion de 'T' en 'T', perte possible de données
          with
          [
              T=unsigned int
          ]
          and
          [
              T=float
          ]
D:\Programmes(DATA)\Windows\Documents\HussonF\gae_gp2\SFML_Cours04\Cours05_SFML\Cours04\Cours05.cpp(64,73): warning C4244: 'argument' : conversion de 'T' en 'T', perte possible de données
          with
          [
              T=unsigned int
          ]
          and
          [
              T=float
          ]
D:\Programmes(DATA)\Windows\Documents\HussonF\gae_gp2\SFML_Cours04\Cours05_SFML\Cours04\Cours05.cpp(64,49): warning C4244: 'argument' : conversion de 'T' en 'T', perte possible de données
          with
          [
              T=unsigned int
          ]
          and
          [
              T=float
          ]
D:\Programmes(DATA)\Windows\Documents\HussonF\gae_gp2\SFML_Cours04\Cours05_SFML\Cours04\Cours05.cpp(114,50): warning C4390: ';' : une instruction contrôlée a été trouvée vide ; est-ce ce que vous souhaitiez ?
D:\Programmes(DATA)\Windows\Documents\HussonF\gae_gp2\SFML_Cours04\Cours05_SFML\Cours04\Cours05.cpp(250,14): warning C4244: 'initialisation' : conversion de 'double' en 'float', perte possible de données
D:\Programmes(DATA)\Windows\Documents\HussonF\gae_gp2\SFML_Cours04\Cours05_SFML\Cours04\Cours05.cpp(314,18): warning C4244: 'initialisation' : conversion de 'double' en 'float', perte possible de données
  Génération de code en cours
  168 of 169 functions (99.4%) were compiled, the rest were copied from previous compilation.
    165 functions were new in current compilation
    0 functions had inline decision re-evaluated but remain unchanged
  Fin de la génération du code
  Cours04.vcxproj -> D:\Programmes(DATA)\Windows\Documents\HussonF\gae_gp2\SFML_Cours04\Cours05_SFML\x64\Release\Cours05.exe
