D:\Visual Studio\2019\MSBuild\Microsoft\VC\v160\Microsoft.CppBuild.targets(513,5): warning MSB8028: Le répertoire intermédiaire (x64\Debug\) contient des fichiers partagés provenant d'un autre projet (Cours04.vcxproj, Cours05.vcxproj). Cela peut entraîner un comportement de nettoyage et de regénération incorrect.
  Bullet.cpp
D:\GitHub\Cours2eme\gae_gp2_HF\SFML_Cours04\MetroidDeOuf\Cours04\Bullet.cpp(21,7): warning C4244: '=' : conversion de 'float' en 'int', perte possible de données
D:\GitHub\Cours2eme\gae_gp2_HF\SFML_Cours04\MetroidDeOuf\Cours04\Bullet.cpp(23,7): warning C4244: '=' : conversion de 'float' en 'int', perte possible de données
  Character.cpp
D:\GitHub\Cours2eme\gae_gp2_HF\SFML_Cours04\MetroidDeOuf\Cours04\Character.cpp(62,26): warning C4244: 'argument' : conversion de 'int' en 'float', perte possible de données
D:\GitHub\Cours2eme\gae_gp2_HF\SFML_Cours04\MetroidDeOuf\Cours04\Character.cpp(62,21): warning C4244: 'argument' : conversion de 'int' en 'float', perte possible de données
D:\GitHub\Cours2eme\gae_gp2_HF\SFML_Cours04\MetroidDeOuf\Cours04\Character.cpp(67,27): warning C4244: 'argument' : conversion de 'int' en 'float', perte possible de données
D:\GitHub\Cours2eme\gae_gp2_HF\SFML_Cours04\MetroidDeOuf\Cours04\Character.cpp(67,22): warning C4244: 'argument' : conversion de 'int' en 'float', perte possible de données
D:\GitHub\Cours2eme\gae_gp2_HF\SFML_Cours04\MetroidDeOuf\Cours04\Character.cpp(67,71): warning C4244: 'argument' : conversion de 'int' en 'float', perte possible de données
D:\GitHub\Cours2eme\gae_gp2_HF\SFML_Cours04\MetroidDeOuf\Cours04\Character.cpp(67,66): warning C4244: 'argument' : conversion de 'int' en 'float', perte possible de données
D:\GitHub\Cours2eme\gae_gp2_HF\SFML_Cours04\MetroidDeOuf\Cours04\Character.cpp(80,26): warning C4244: 'argument' : conversion de 'int' en 'float', perte possible de données
D:\GitHub\Cours2eme\gae_gp2_HF\SFML_Cours04\MetroidDeOuf\Cours04\Character.cpp(80,19): warning C4244: 'argument' : conversion de 'int' en 'float', perte possible de données
D:\GitHub\Cours2eme\gae_gp2_HF\SFML_Cours04\MetroidDeOuf\Cours04\Character.cpp(80,73): warning C4244: 'argument' : conversion de 'int' en 'float', perte possible de données
D:\GitHub\Cours2eme\gae_gp2_HF\SFML_Cours04\MetroidDeOuf\Cours04\Character.cpp(80,65): warning C4244: 'argument' : conversion de 'int' en 'float', perte possible de données
D:\GitHub\Cours2eme\gae_gp2_HF\SFML_Cours04\MetroidDeOuf\Cours04\Character.cpp(85,26): warning C4244: 'argument' : conversion de 'int' en 'float', perte possible de données
D:\GitHub\Cours2eme\gae_gp2_HF\SFML_Cours04\MetroidDeOuf\Cours04\Character.cpp(85,19): warning C4244: 'argument' : conversion de 'int' en 'float', perte possible de données
D:\GitHub\Cours2eme\gae_gp2_HF\SFML_Cours04\MetroidDeOuf\Cours04\Character.cpp(85,74): warning C4244: 'argument' : conversion de 'int' en 'float', perte possible de données
D:\GitHub\Cours2eme\gae_gp2_HF\SFML_Cours04\MetroidDeOuf\Cours04\Character.cpp(85,66): warning C4244: 'argument' : conversion de 'int' en 'float', perte possible de données
D:\GitHub\Cours2eme\gae_gp2_HF\SFML_Cours04\MetroidDeOuf\Cours04\Character.cpp(99,35): warning C4244: 'argument' : conversion de 'int' en 'float', perte possible de données
D:\GitHub\Cours2eme\gae_gp2_HF\SFML_Cours04\MetroidDeOuf\Cours04\Character.cpp(99,28): warning C4244: 'argument' : conversion de 'int' en 'float', perte possible de données
D:\GitHub\Cours2eme\gae_gp2_HF\SFML_Cours04\MetroidDeOuf\Cours04\Character.cpp(99,66): warning C4244: 'argument' : conversion de 'int' en 'float', perte possible de données
D:\GitHub\Cours2eme\gae_gp2_HF\SFML_Cours04\MetroidDeOuf\Cours04\Character.cpp(99,58): warning C4244: 'argument' : conversion de 'int' en 'float', perte possible de données
  Enemy.cpp
D:\GitHub\Cours2eme\gae_gp2_HF\SFML_Cours04\MetroidDeOuf\Cours04\Enemy.cpp(24,26): warning C4244: 'argument' : conversion de 'int' en 'float', perte possible de données
D:\GitHub\Cours2eme\gae_gp2_HF\SFML_Cours04\MetroidDeOuf\Cours04\Enemy.cpp(24,21): warning C4244: 'argument' : conversion de 'int' en 'float', perte possible de données
D:\GitHub\Cours2eme\gae_gp2_HF\SFML_Cours04\MetroidDeOuf\Cours04\Enemy.cpp(29,27): warning C4244: 'argument' : conversion de 'int' en 'float', perte possible de données
D:\GitHub\Cours2eme\gae_gp2_HF\SFML_Cours04\MetroidDeOuf\Cours04\Enemy.cpp(29,22): warning C4244: 'argument' : conversion de 'int' en 'float', perte possible de données
D:\GitHub\Cours2eme\gae_gp2_HF\SFML_Cours04\MetroidDeOuf\Cours04\Enemy.cpp(29,71): warning C4244: 'argument' : conversion de 'int' en 'float', perte possible de données
D:\GitHub\Cours2eme\gae_gp2_HF\SFML_Cours04\MetroidDeOuf\Cours04\Enemy.cpp(29,66): warning C4244: 'argument' : conversion de 'int' en 'float', perte possible de données
D:\GitHub\Cours2eme\gae_gp2_HF\SFML_Cours04\MetroidDeOuf\Cours04\Enemy.cpp(42,26): warning C4244: 'argument' : conversion de 'int' en 'float', perte possible de données
D:\GitHub\Cours2eme\gae_gp2_HF\SFML_Cours04\MetroidDeOuf\Cours04\Enemy.cpp(42,19): warning C4244: 'argument' : conversion de 'int' en 'float', perte possible de données
D:\GitHub\Cours2eme\gae_gp2_HF\SFML_Cours04\MetroidDeOuf\Cours04\Enemy.cpp(42,74): warning C4244: 'argument' : conversion de 'int' en 'float', perte possible de données
D:\GitHub\Cours2eme\gae_gp2_HF\SFML_Cours04\MetroidDeOuf\Cours04\Enemy.cpp(42,66): warning C4244: 'argument' : conversion de 'int' en 'float', perte possible de données
D:\GitHub\Cours2eme\gae_gp2_HF\SFML_Cours04\MetroidDeOuf\Cours04\Enemy.cpp(47,26): warning C4244: 'argument' : conversion de 'int' en 'float', perte possible de données
D:\GitHub\Cours2eme\gae_gp2_HF\SFML_Cours04\MetroidDeOuf\Cours04\Enemy.cpp(47,19): warning C4244: 'argument' : conversion de 'int' en 'float', perte possible de données
D:\GitHub\Cours2eme\gae_gp2_HF\SFML_Cours04\MetroidDeOuf\Cours04\Enemy.cpp(47,74): warning C4244: 'argument' : conversion de 'int' en 'float', perte possible de données
D:\GitHub\Cours2eme\gae_gp2_HF\SFML_Cours04\MetroidDeOuf\Cours04\Enemy.cpp(47,66): warning C4244: 'argument' : conversion de 'int' en 'float', perte possible de données
  Game.cpp
D:\GitHub\Cours2eme\gae_gp2_HF\SFML_Cours04\MetroidDeOuf\Cours04\Game.hpp(67,21): warning C4305: 'initialisation' : troncation de 'double' à 'float'
D:\GitHub\Cours2eme\gae_gp2_HF\SFML_Cours04\MetroidDeOuf\Cours04\Game.cpp(14,64): warning C4244: 'argument' : conversion de 'T' en 'T', perte possible de données
          with
          [
              T=unsigned int
          ]
          and
          [
              T=float
          ]
D:\GitHub\Cours2eme\gae_gp2_HF\SFML_Cours04\MetroidDeOuf\Cours04\Game.cpp(14,44): warning C4244: 'argument' : conversion de 'T' en 'T', perte possible de données
          with
          [
              T=unsigned int
          ]
          and
          [
              T=float
          ]
D:\GitHub\Cours2eme\gae_gp2_HF\SFML_Cours04\MetroidDeOuf\Cours04\Game.cpp(15,73): warning C4244: 'argument' : conversion de 'T' en 'T', perte possible de données
          with
          [
              T=unsigned int
          ]
          and
          [
              T=float
          ]
D:\GitHub\Cours2eme\gae_gp2_HF\SFML_Cours04\MetroidDeOuf\Cours04\Game.cpp(15,49): warning C4244: 'argument' : conversion de 'T' en 'T', perte possible de données
          with
          [
              T=unsigned int
          ]
          and
          [
              T=float
          ]
D:\GitHub\Cours2eme\gae_gp2_HF\SFML_Cours04\MetroidDeOuf\Cours04\Game.cpp(66,52): warning C4244: 'argument' : conversion de 'int' en 'T', perte possible de données
          with
          [
              T=float
          ]
D:\GitHub\Cours2eme\gae_gp2_HF\SFML_Cours04\MetroidDeOuf\Cours04\Game.cpp(66,44): warning C4244: 'argument' : conversion de 'int' en 'T', perte possible de données
          with
          [
              T=float
          ]
D:\GitHub\Cours2eme\gae_gp2_HF\SFML_Cours04\MetroidDeOuf\Cours04\Game.cpp(257,46): warning C4244: 'argument' : conversion de 'int' en 'float', perte possible de données
D:\GitHub\Cours2eme\gae_gp2_HF\SFML_Cours04\MetroidDeOuf\Cours04\Game.cpp(257,38): warning C4244: 'argument' : conversion de 'int' en 'float', perte possible de données
D:\GitHub\Cours2eme\gae_gp2_HF\SFML_Cours04\MetroidDeOuf\Cours04\Game.cpp(259,41): warning C4244: '=' : conversion de 'int' en 'float', perte possible de données
D:\GitHub\Cours2eme\gae_gp2_HF\SFML_Cours04\MetroidDeOuf\Cours04\Game.cpp(383,38): warning C4244: 'argument' : conversion de 'int' en 'float', perte possible de données
D:\GitHub\Cours2eme\gae_gp2_HF\SFML_Cours04\MetroidDeOuf\Cours04\Game.cpp(383,26): warning C4244: 'argument' : conversion de 'int' en 'float', perte possible de données
  MetroidDeOuf.cpp
D:\GitHub\Cours2eme\gae_gp2_HF\SFML_Cours04\MetroidDeOuf\Cours04\Game.hpp(67,21): warning C4305: 'initialisation' : troncation de 'double' à 'float'
  Player.cpp
D:\GitHub\Cours2eme\gae_gp2_HF\SFML_Cours04\MetroidDeOuf\Cours04\Game.hpp(67,21): warning C4305: 'initialisation' : troncation de 'double' à 'float'
D:\GitHub\Cours2eme\gae_gp2_HF\SFML_Cours04\MetroidDeOuf\Cours04\Player.cpp(142,43): warning C4244: 'argument' : conversion de 'int' en 'float', perte possible de données
D:\GitHub\Cours2eme\gae_gp2_HF\SFML_Cours04\MetroidDeOuf\Cours04\Player.cpp(142,35): warning C4244: 'argument' : conversion de 'int' en 'float', perte possible de données
D:\GitHub\Cours2eme\gae_gp2_HF\SFML_Cours04\MetroidDeOuf\Cours04\Player.cpp(169,2): warning C4065: l'instruction switch contient 'default' mais aucune étiquette 'case'
  Weapon.cpp
D:\GitHub\Cours2eme\gae_gp2_HF\SFML_Cours04\MetroidDeOuf\Cours04\Weapon.cpp(38,14): warning C4244: 'initialisation' : conversion de 'double' en 'float', perte possible de données
  World.cpp
D:\GitHub\Cours2eme\gae_gp2_HF\SFML_Cours04\MetroidDeOuf\Cours04\World.cpp(42,37): warning C4244: 'argument' : conversion de 'int' en 'float', perte possible de données
D:\GitHub\Cours2eme\gae_gp2_HF\SFML_Cours04\MetroidDeOuf\Cours04\World.cpp(42,32): warning C4244: 'argument' : conversion de 'int' en 'float', perte possible de données
D:\GitHub\Cours2eme\gae_gp2_HF\SFML_Cours04\MetroidDeOuf\Cours04\World.cpp(59,33): warning C4244: 'argument' : conversion de 'int' en 'float', perte possible de données
D:\GitHub\Cours2eme\gae_gp2_HF\SFML_Cours04\MetroidDeOuf\Cours04\World.cpp(59,28): warning C4244: 'argument' : conversion de 'int' en 'float', perte possible de données
D:\GitHub\Cours2eme\gae_gp2_HF\SFML_Cours04\MetroidDeOuf\Cours04\World.cpp(135,33): warning C4244: 'argument' : conversion de 'int64_t' en 'float', perte possible de données
D:\GitHub\Cours2eme\gae_gp2_HF\SFML_Cours04\MetroidDeOuf\Cours04\World.cpp(135,28): warning C4244: 'argument' : conversion de 'int64_t' en 'float', perte possible de données
D:\GitHub\Cours2eme\gae_gp2_HF\SFML_Cours04\MetroidDeOuf\Cours04\World.cpp(140,40): warning C4244: 'argument' : conversion de 'int64_t' en 'float', perte possible de données
D:\GitHub\Cours2eme\gae_gp2_HF\SFML_Cours04\MetroidDeOuf\Cours04\World.cpp(140,35): warning C4244: 'argument' : conversion de 'int64_t' en 'float', perte possible de données
  Génération de code en cours...
  Cours04.vcxproj -> D:\GitHub\Cours2eme\gae_gp2_HF\SFML_Cours04\MetroidDeOuf\x64\Debug\MetroidDeOuf.exe
